#
# There is insufficient memory for the Java Runtime Environment to continue.
# Native memory allocation (malloc) failed to allocate 32744 bytes for ChunkPool::allocate
# Possible reasons:
#   The system is out of physical RAM or swap space
#   In 32 bit mode, the process size limit was hit
# Possible solutions:
#   Reduce memory load on the system
#   Increase physical memory or swap space
#   Check if swap backing store is full
#   Use 64 bit Java on a 64 bit OS
#   Decrease Java heap size (-Xmx/-Xms)
#   Decrease number of Java threads
#   Decrease Java thread stack sizes (-Xss)
#   Set larger code cache with -XX:ReservedCodeCacheSize=
# This output file may be truncated or incomplete.
#
#  Out of Memory Error (allocation.cpp:273), pid=18400, tid=9808
#
# JRE version: Java(TM) SE Runtime Environment (8.0_66-b17) (build 1.8.0_66-b17)
# Java VM: Java HotSpot(TM) 64-Bit Server VM (25.66-b17 mixed mode windows-amd64 compressed oops)
# Failed to write core dump. Minidumps are not enabled by default on client versions of Windows
#

---------------  T H R E A D  ---------------

Current thread (0x00000000566c4000):  JavaThread "C1 CompilerThread3" daemon [_thread_in_native, id=9808, stack(0x0000000058090000,0x0000000058190000)]

Stack: [0x0000000058090000,0x0000000058190000]
[error occurred during error reporting (printing stack bounds), id 0xc0000005]

Native frames: (J=compiled Java code, j=interpreted, Vv=VM code, C=native code)


Current CompileTask:
C1:     61   48  s!   3       sun.misc.URLClassPath::getLoader (197 bytes)


---------------  P R O C E S S  ---------------

Java Threads: ( => current thread )
  0x0000000056761000 JavaThread "Service Thread" daemon [_thread_blocked, id=18284, stack(0x00000000582d0000,0x00000000583d0000)]
=>0x00000000566c4000 JavaThread "C1 CompilerThread3" daemon [_thread_in_native, id=9808, stack(0x0000000058090000,0x0000000058190000)]
  0x00000000566c3000 JavaThread "C2 CompilerThread2" daemon [_thread_blocked, id=15748, stack(0x0000000057aa0000,0x0000000057ba0000)]
  0x00000000566c0800 JavaThread "C2 CompilerThread1" daemon [_thread_blocked, id=17496, stack(0x0000000057eb0000,0x0000000057fb0000)]
  0x00000000566b7000 JavaThread "C2 CompilerThread0" daemon [_thread_blocked, id=15844, stack(0x0000000057d20000,0x0000000057e20000)]
  0x00000000566b6000 JavaThread "Attach Listener" daemon [_thread_blocked, id=17872, stack(0x0000000057bb0000,0x0000000057cb0000)]
  0x00000000566b4800 JavaThread "Signal Dispatcher" daemon [_thread_blocked, id=9596, stack(0x0000000057810000,0x0000000057910000)]
  0x000000005581f800 JavaThread "Finalizer" daemon [_thread_blocked, id=11068, stack(0x0000000057980000,0x0000000057a80000)]
  0x0000000055818000 JavaThread "Reference Handler" daemon [_thread_blocked, id=17576, stack(0x00000000575b0000,0x00000000576b0000)]
  0x000000000217f800 JavaThread "main" [_thread_in_vm, id=17504, stack(0x00000000023a0000,0x00000000024a0000)]

Other Threads:
  0x0000000056662800 VMThread [stack: 0x00000000576f0000,0x00000000577f0000] [id=17348]
  0x000000005678d800 WatcherThread [stack: 0x0000000058560000,0x0000000058660000] [id=18136]

VM state:not at safepoint (normal execution)

VM Mutex/Monitor currently owned by a thread: None

Heap:
 PSYoungGen      total 76288K, used 3932K [0x00000000eab00000, 0x00000000f0000000, 0x0000000100000000)
  eden space 65536K, 6% used [0x00000000eab00000,0x00000000eaed7178,0x00000000eeb00000)
  from space 10752K, 0% used [0x00000000ef580000,0x00000000ef580000,0x00000000f0000000)
  to   space 10752K, 0% used [0x00000000eeb00000,0x00000000eeb00000,0x00000000ef580000)
 ParOldGen       total 175104K, used 0K [0x00000000c0000000, 0x00000000cab00000, 0x00000000eab00000)
  object space 175104K, 0% used [0x00000000c0000000,0x00000000c0000000,0x00000000cab00000)
 Metaspace       used 2945K, capacity 4656K, committed 4864K, reserved 1056768K
  class space    used 320K, capacity 424K, committed 512K, reserved 1048576K

Card table byte_map: [0x0000000011b30000,0x0000000011d40000] byte_map_base: 0x0000000011530000

Marking Bits: (ParMarkBitMap*) 0x000000007019a5b0
 Begin Bits: [0x0000000012c30000, 0x0000000013c30000)
 End Bits:   [0x0000000013c30000, 0x0000000014c30000)

Polling page: 0x0000000000230000

CodeCache: size=245760Kb used=1127Kb max_used=1127Kb free=244632Kb
 bounds [0x0000000002770000, 0x00000000029e0000, 0x0000000011770000]
 total_blobs=281 nmethods=46 adapters=148
 compilation: enabled

Compilation events (10 events):
Event: 0.059 Thread 0x00000000566c4000 nmethod 41 0x0000000002888250 code [0x00000000028883a0, 0x0000000002888510]
Event: 0.059 Thread 0x00000000566c4000   43       1       java.net.URL::getHost (5 bytes)
Event: 0.059 Thread 0x00000000566c4000 nmethod 43 0x0000000002888590 code [0x00000000028886e0, 0x00000000028887f0]
Event: 0.059 Thread 0x00000000566c4000   44       1       java.net.URL::getProtocol (5 bytes)
Event: 0.059 Thread 0x00000000566c4000 nmethod 44 0x0000000002888850 code [0x00000000028889a0, 0x0000000002888ab0]
Event: 0.060 Thread 0x00000000566c4000   45       3       java.lang.String::substring (79 bytes)
Event: 0.060 Thread 0x00000000566c4000 nmethod 45 0x0000000002888b10 code [0x0000000002888cc0, 0x0000000002889158]
Event: 0.060 Thread 0x00000000566c4000   46       3       java.util.HashMap::hash (20 bytes)
Event: 0.060 Thread 0x00000000566c4000 nmethod 46 0x0000000002889390 code [0x0000000002889500, 0x0000000002889748]
Event: 0.060 Thread 0x00000000566c4000   48  s!   3       sun.misc.URLClassPath::getLoader (197 bytes)

GC Heap History (0 events):
No events

Deoptimization events (0 events):
No events

Internal exceptions (2 events):
Event: 0.023 Thread 0x000000000217f800 Exception <a 'java/lang/NoSuchMethodError': Method sun.misc.Unsafe.defineClass(Ljava/lang/String;[BII)Ljava/lang/Class; name or signature does not match> (0x00000000eab13098) thrown at [C:\re\workspace\8-2-build-windows-amd64-cygwin\jdk8u66\4988\hotspot\sr^ÐÔ6}—?
Event: 0.023 Thread 0x000000000217f800 Exception <a 'java/lang/NoSuchMethodError': Method sun.misc.Unsafe.prefetchRead(Ljava/lang/Object;J)V name or signature does not match> (0x00000000eab13380) thrown at [C:\re\workspace\8-2-build-windows-amd64-cygwin\jdk8u66\4988\hotspot\src\share\vm\prims\j

Events (10 events):
Event: 0.059 loading class com/android/dx/command/DxConsole$1
Event: 0.059 loading class com/android/dx/command/DxConsole$1 done
Event: 0.059 loading class com/android/dx/dex/DexOptions
Event: 0.059 loading class com/android/dx/dex/DexOptions done
Event: 0.060 loading class com/android/dx/dex/file/DexFile
Event: 0.060 loading class com/android/dx/dex/file/DexFile done
Event: 0.060 loading class com/android/dx/dex/file/Section
Event: 0.060 loading class com/android/dx/dex/file/Section done
Event: 0.060 loading class com/android/dx/dex/file/MixedItemSection
Event: 0.060 loading class com/android/dx/dex/file/MixedItemSection done


Dynamic libraries:
0x000000013f1c0000 - 0x000000013f1f7000 	C:\Program Files\Java\jdk1.8.0_66\bin\java.exe
0x0000000077440000 - 0x00000000775e9000 	C:\Windows\SYSTEM32\ntdll.dll
0x0000000077320000 - 0x000000007743f000 	C:\Windows\system32\kernel32.dll
0x000007fefd3e0000 - 0x000007fefd44c000 	C:\Windows\system32\KERNELBASE.dll
0x000007fefea80000 - 0x000007fefeb5b000 	C:\Windows\system32\ADVAPI32.dll
0x000007fefd7f0000 - 0x000007fefd88f000 	C:\Windows\system32\msvcrt.dll
0x000007fefd7d0000 - 0x000007fefd7ef000 	C:\Windows\SYSTEM32\sechost.dll
0x000007fefe940000 - 0x000007fefea6d000 	C:\Windows\system32\RPCRT4.dll
0x0000000077220000 - 0x000000007731a000 	C:\Windows\system32\USER32.dll
0x000007fefe830000 - 0x000007fefe897000 	C:\Windows\system32\GDI32.dll
0x000007fefd7c0000 - 0x000007fefd7ce000 	C:\Windows\system32\LPK.dll
0x000007fefd5b0000 - 0x000007fefd679000 	C:\Windows\system32\USP10.dll
0x000007fefa070000 - 0x000007fefa264000 	C:\Windows\WinSxS\amd64_microsoft.windows.common-controls_6595b64144ccf1df_6.0.7601.18837_none_fa3b1e3d17594757\COMCTL32.dll
0x000007fefeb60000 - 0x000007fefebd1000 	C:\Windows\system32\SHLWAPI.dll
0x000007fefd890000 - 0x000007fefd8be000 	C:\Windows\system32\IMM32.DLL
0x000007fefecb0000 - 0x000007fefedb9000 	C:\Windows\system32\MSCTF.dll
0x00000000789f0000 - 0x0000000078ac2000 	C:\Program Files\Java\jdk1.8.0_66\jre\bin\msvcr100.dll
0x000000006f990000 - 0x0000000070219000 	C:\Program Files\Java\jdk1.8.0_66\jre\bin\server\jvm.dll
0x000007fef7d00000 - 0x000007fef7d09000 	C:\Windows\system32\WSOCK32.dll
0x000007fefec60000 - 0x000007fefecad000 	C:\Windows\system32\WS2_32.dll
0x000007fefea70000 - 0x000007fefea78000 	C:\Windows\system32\NSI.dll
0x000007fefc130000 - 0x000007fefc16b000 	C:\Windows\system32\WINMM.dll
0x000007fefc100000 - 0x000007fefc10c000 	C:\Windows\system32\VERSION.dll
0x0000000077600000 - 0x0000000077607000 	C:\Windows\system32\PSAPI.DLL
0x000000006aa00000 - 0x000000006aa0f000 	C:\Program Files\Java\jdk1.8.0_66\jre\bin\verify.dll
0x000000005e6c0000 - 0x000000005e6e9000 	C:\Program Files\Java\jdk1.8.0_66\jre\bin\java.dll
0x000000005e6a0000 - 0x000000005e6b6000 	C:\Program Files\Java\jdk1.8.0_66\jre\bin\zip.dll
0x000007fefd8c0000 - 0x000007fefe649000 	C:\Windows\system32\SHELL32.dll
0x000007feff0c0000 - 0x000007feff2c3000 	C:\Windows\system32\ole32.dll
0x000007fefd1f0000 - 0x000007fefd1ff000 	C:\Windows\system32\profapi.dll

VM Arguments:
jvm_args: -Djava.awt.headless=true -Xmx1024M -Dfile.encoding=windows-1250 -Duser.country=US -Duser.language=en -Duser.variant 
java_command: com.android.dx.command.Main --dex --num-threads=4 --output D:\AppDev\Tiimiss-Apps\Tiimiss\tiimiss\app\build\intermediates\pre-dexed\release\com.android.support-cardview-v7-23.4.0_ec14721f071df2babe8a3855d13da852b24920c4.jar D:\AppDev\Tiimiss-Apps\Tiimiss\tiimiss\app\build\intermediates\exploded-aar\com.android.support\cardview-v7\23.4.0\jars\classes.jar
java_class_path (initial): C:\Android\sdk\build-tools\23.0.2\lib\dx.jar
Launcher Type: SUN_STANDARD

Environment Variables:
JAVA_HOME=C:\Program Files\Java\jdk1.8.0_66
PATH=C:\Windows\system32;C:\Windows;C:\Windows\system32\wbem;C:\ProgramData\Oracle\Java\javapath;C:\Program Files (x86)\Common Files\Intel\Shared Files\cpp\bin\Intel64;C:\Program Files (x86)\Intel\iCLS Client;C:\Program Files\Intel\iCLS Client;C:\Windows\System32\WindowsPowerShell\v1.0;C:\Program Files\Intel\Intel(R) Management Engine Components\DAL;C:\Program Files\Intel\Intel(R) Management Engine Components\IPT;C:\Program Files (x86)\Intel\Intel(R) Management Engine Components\DAL;C:\Program Files (x86)\Intel\Intel(R) Management Engine Components\IPT;C:\Program Files (x86)\ATI Technologies\ATI.ACE\Core-Static;C:\Program Files\nodejs;C:\Program Files (x86)\Brackets\command;C:\Program Files (x86)\GtkSharp\2.12\bin;C:\Program Files (x86)\GNU\GnuPG\pub;C:\Program Files\Microsoft SQL Server\120\Tools\Binn;C:\Program Files (x86)\Skype\Phone;C:\Program Files (x86)\QuickTime\QTSystem;C:\Program Files\OpenVPN\bin;C:\Program Files (x86)\Heroku\bin;C:\Program Files (x86)\git\cmd;C:\Program Files (x86)\Git\cmd; C:\Program Files\Java\jdk1.8.0_66\bin;C:\Users\User 3\AppData\Roaming\npm; C:\Program Files\Java\jre1.8.0_71\bin;
USERNAME=User 3
OS=Windows_NT
PROCESSOR_IDENTIFIER=Intel64 Family 6 Model 60 Stepping 3, GenuineIntel



---------------  S Y S T E M  ---------------

OS: Windows 7 , 64 bit Build 7601 (6.1.7601.18933)

CPU:total 8 (4 cores per cpu, 2 threads per core) family 6 model 60 stepping 3, cmov, cx8, fxsr, mmx, sse, sse2, sse3, ssse3, sse4.1, sse4.2, popcnt, avx, avx2, aes, clmul, erms, lzcnt, ht, tsc, tscinvbit, bmi1, bmi2

Memory: 4k page, physical 16680504k(2905592k free), swap 16678664k(5096k free)

vm_info: Java HotSpot(TM) 64-Bit Server VM (25.66-b17) for windows-amd64 JRE (1.8.0_66-b17), built on Oct  6 2015 18:55:33 by "java_re" with MS VC++ 10.0 (VS2010)

time: Tue Jul 12 16:50:21 2016
elapsed time: 0 seconds (0d 0h 0m 0s)

