#
# There is insufficient memory for the Java Runtime Environment to continue.
# Native memory allocation (malloc) failed to allocate 32744 bytes for ChunkPool::allocate
# Possible reasons:
#   The system is out of physical RAM or swap space
#   In 32 bit mode, the process size limit was hit
# Possible solutions:
#   Reduce memory load on the system
#   Increase physical memory or swap space
#   Check if swap backing store is full
#   Use 64 bit Java on a 64 bit OS
#   Decrease Java heap size (-Xmx/-Xms)
#   Decrease number of Java threads
#   Decrease Java thread stack sizes (-Xss)
#   Set larger code cache with -XX:ReservedCodeCacheSize=
# This output file may be truncated or incomplete.
#
#  Out of Memory Error (allocation.cpp:273), pid=15956, tid=4680
#
# JRE version: Java(TM) SE Runtime Environment (8.0_66-b17) (build 1.8.0_66-b17)
# Java VM: Java HotSpot(TM) 64-Bit Server VM (25.66-b17 mixed mode windows-amd64 compressed oops)
# Failed to write core dump. Minidumps are not enabled by default on client versions of Windows
#

---------------  T H R E A D  ---------------

Current thread (0x0000000056728800):  JavaThread "C1 CompilerThread3" daemon [_thread_in_native, id=4680, stack(0x0000000058110000,0x0000000058210000)]

Stack: [0x0000000058110000,0x0000000058210000]
[error occurred during error reporting (printing stack bounds), id 0xc0000005]

Native frames: (J=compiled Java code, j=interpreted, Vv=VM code, C=native code)


Current CompileTask:
C1:     95   84       3       sun.nio.cs.UTF_8$Decoder::decode (779 bytes)


---------------  P R O C E S S  ---------------

Java Threads: ( => current thread )
  0x0000000056754000 JavaThread "Service Thread" daemon [_thread_blocked, id=18144, stack(0x0000000057ef0000,0x0000000057ff0000)]
=>0x0000000056728800 JavaThread "C1 CompilerThread3" daemon [_thread_in_native, id=4680, stack(0x0000000058110000,0x0000000058210000)]
  0x00000000566d0000 JavaThread "C2 CompilerThread2" daemon [_thread_blocked, id=17956, stack(0x0000000058000000,0x0000000058100000)]
  0x00000000566c9000 JavaThread "C2 CompilerThread1" daemon [_thread_blocked, id=15564, stack(0x0000000057df0000,0x0000000057ef0000)]
  0x00000000566ba800 JavaThread "C2 CompilerThread0" daemon [_thread_blocked, id=17204, stack(0x0000000057c90000,0x0000000057d90000)]
  0x00000000566b9000 JavaThread "Attach Listener" daemon [_thread_blocked, id=9828, stack(0x0000000057b90000,0x0000000057c90000)]
  0x00000000566c8800 JavaThread "Signal Dispatcher" daemon [_thread_blocked, id=15980, stack(0x0000000057a50000,0x0000000057b50000)]
  0x00000000554fc000 JavaThread "Finalizer" daemon [_thread_blocked, id=16560, stack(0x00000000576f0000,0x00000000577f0000)]
  0x00000000554f4800 JavaThread "Reference Handler" daemon [_thread_blocked, id=17428, stack(0x0000000057820000,0x0000000057920000)]
  0x0000000001d7f800 JavaThread "main" [_thread_in_Java, id=1560, stack(0x0000000002280000,0x0000000002380000)]

Other Threads:
  0x0000000056670800 VMThread [stack: 0x00000000575d0000,0x00000000576d0000] [id=9712]
  0x0000000056743000 WatcherThread [stack: 0x0000000058210000,0x0000000058310000] [id=15160]

VM state:not at safepoint (normal execution)

VM Mutex/Monitor currently owned by a thread: None

Heap:
 PSYoungGen      total 76288K, used 5245K [0x00000000eab00000, 0x00000000f0000000, 0x0000000100000000)
  eden space 65536K, 8% used [0x00000000eab00000,0x00000000eb01f638,0x00000000eeb00000)
  from space 10752K, 0% used [0x00000000ef580000,0x00000000ef580000,0x00000000f0000000)
  to   space 10752K, 0% used [0x00000000eeb00000,0x00000000eeb00000,0x00000000ef580000)
 ParOldGen       total 175104K, used 0K [0x00000000c0000000, 0x00000000cab00000, 0x00000000eab00000)
  object space 175104K, 0% used [0x00000000c0000000,0x00000000c0000000,0x00000000cab00000)
 Metaspace       used 3352K, capacity 4720K, committed 4864K, reserved 1056768K
  class space    used 371K, capacity 424K, committed 512K, reserved 1048576K

Card table byte_map: [0x0000000011aa0000,0x0000000011cb0000] byte_map_base: 0x00000000114a0000

Marking Bits: (ParMarkBitMap*) 0x000000007019a5b0
 Begin Bits: [0x0000000012910000, 0x0000000013910000)
 End Bits:   [0x0000000013910000, 0x0000000014910000)

Polling page: 0x0000000000130000

CodeCache: size=245760Kb used=1206Kb max_used=1206Kb free=244553Kb
 bounds [0x00000000026e0000, 0x0000000002950000, 0x00000000116e0000]
 total_blobs=326 nmethods=83 adapters=156
 compilation: enabled

Compilation events (10 events):
Event: 0.091 Thread 0x0000000056728800 nmethod 77 0x000000000280be10 code [0x000000000280bf60, 0x000000000280c0d0]
Event: 0.092 Thread 0x0000000056728800   78       3       java.util.zip.ZipFile::access$400 (5 bytes)
Event: 0.092 Thread 0x0000000056728800 nmethod 78 0x000000000280c150 code [0x000000000280c2a0, 0x000000000280c3d0]
Event: 0.093 Thread 0x0000000056728800   80       1       java.util.zip.ZipFile::access$300 (5 bytes)
Event: 0.093 Thread 0x0000000056728800 nmethod 80 0x000000000280c850 code [0x000000000280c9a0, 0x000000000280ca90]
Event: 0.093 Thread 0x0000000056728800   81       3       java.util.zip.ZipFile::ensureOpen (37 bytes)
Event: 0.093 Thread 0x0000000056728800 nmethod 81 0x000000000280cb10 code [0x000000000280cca0, 0x000000000280cf78]
Event: 0.093 Thread 0x0000000056728800   82       1       java.util.zip.ZipCoder::isUTF8 (5 bytes)
Event: 0.093 Thread 0x0000000056728800 nmethod 82 0x000000000280d090 code [0x000000000280d1e0, 0x000000000280d2f0]
Event: 0.094 Thread 0x0000000056728800   84       3       sun.nio.cs.UTF_8$Decoder::decode (779 bytes)

GC Heap History (0 events):
No events

Deoptimization events (0 events):
No events

Internal exceptions (2 events):
Event: 0.026 Thread 0x0000000001d7f800 Exception <a 'java/lang/NoSuchMethodError': Method sun.misc.Unsafe.defineClass(Ljava/lang/String;[BII)Ljava/lang/Class; name or signature does not match> (0x00000000eab12d48) thrown at [C:\re\workspace\8-2-build-windows-amd64-cygwin\jdk8u66\4988\hotspot\srêþœY8š?
Event: 0.026 Thread 0x0000000001d7f800 Exception <a 'java/lang/NoSuchMethodError': Method sun.misc.Unsafe.prefetchRead(Ljava/lang/Object;J)V name or signature does not match> (0x00000000eab13030) thrown at [C:\re\workspace\8-2-build-windows-amd64-cygwin\jdk8u66\4988\hotspot\src\share\vm\prims\j

Events (10 events):
Event: 0.095 loading class java/util/regex/Pattern$SliceNode done
Event: 0.095 loading class java/util/regex/Pattern$Slice done
Event: 0.095 loading class java/util/regex/Pattern$BnM
Event: 0.095 loading class java/util/regex/Pattern$BnM done
Event: 0.095 loading class java/util/regex/Pattern$SliceS
Event: 0.095 loading class java/util/regex/Pattern$SliceS done
Event: 0.095 loading class java/util/regex/Matcher
Event: 0.095 loading class java/util/regex/MatchResult
Event: 0.095 loading class java/util/regex/MatchResult done
Event: 0.095 loading class java/util/regex/Matcher done


Dynamic libraries:
0x000000013f1c0000 - 0x000000013f1f7000 	C:\Program Files\Java\jdk1.8.0_66\bin\java.exe
0x0000000077440000 - 0x00000000775e9000 	C:\Windows\SYSTEM32\ntdll.dll
0x0000000077320000 - 0x000000007743f000 	C:\Windows\system32\kernel32.dll
0x000007fefd3e0000 - 0x000007fefd44c000 	C:\Windows\system32\KERNELBASE.dll
0x000007fefea80000 - 0x000007fefeb5b000 	C:\Windows\system32\ADVAPI32.dll
0x000007fefd7f0000 - 0x000007fefd88f000 	C:\Windows\system32\msvcrt.dll
0x000007fefd7d0000 - 0x000007fefd7ef000 	C:\Windows\SYSTEM32\sechost.dll
0x000007fefe940000 - 0x000007fefea6d000 	C:\Windows\system32\RPCRT4.dll
0x0000000077220000 - 0x000000007731a000 	C:\Windows\system32\USER32.dll
0x000007fefe830000 - 0x000007fefe897000 	C:\Windows\system32\GDI32.dll
0x000007fefd7c0000 - 0x000007fefd7ce000 	C:\Windows\system32\LPK.dll
0x000007fefd5b0000 - 0x000007fefd679000 	C:\Windows\system32\USP10.dll
0x000007fefa070000 - 0x000007fefa264000 	C:\Windows\WinSxS\amd64_microsoft.windows.common-controls_6595b64144ccf1df_6.0.7601.18837_none_fa3b1e3d17594757\COMCTL32.dll
0x000007fefeb60000 - 0x000007fefebd1000 	C:\Windows\system32\SHLWAPI.dll
0x000007fefd890000 - 0x000007fefd8be000 	C:\Windows\system32\IMM32.DLL
0x000007fefecb0000 - 0x000007fefedb9000 	C:\Windows\system32\MSCTF.dll
0x00000000789f0000 - 0x0000000078ac2000 	C:\Program Files\Java\jdk1.8.0_66\jre\bin\msvcr100.dll
0x000000006f990000 - 0x0000000070219000 	C:\Program Files\Java\jdk1.8.0_66\jre\bin\server\jvm.dll
0x000007fef7d00000 - 0x000007fef7d09000 	C:\Windows\system32\WSOCK32.dll
0x000007fefec60000 - 0x000007fefecad000 	C:\Windows\system32\WS2_32.dll
0x000007fefea70000 - 0x000007fefea78000 	C:\Windows\system32\NSI.dll
0x000007fefc130000 - 0x000007fefc16b000 	C:\Windows\system32\WINMM.dll
0x000007fefc100000 - 0x000007fefc10c000 	C:\Windows\system32\VERSION.dll
0x0000000077600000 - 0x0000000077607000 	C:\Windows\system32\PSAPI.DLL
0x000000006aa00000 - 0x000000006aa0f000 	C:\Program Files\Java\jdk1.8.0_66\jre\bin\verify.dll
0x000000005e6c0000 - 0x000000005e6e9000 	C:\Program Files\Java\jdk1.8.0_66\jre\bin\java.dll
0x000000005e6a0000 - 0x000000005e6b6000 	C:\Program Files\Java\jdk1.8.0_66\jre\bin\zip.dll
0x000007fefd8c0000 - 0x000007fefe649000 	C:\Windows\system32\SHELL32.dll
0x000007feff0c0000 - 0x000007feff2c3000 	C:\Windows\system32\ole32.dll
0x000007fefd1f0000 - 0x000007fefd1ff000 	C:\Windows\system32\profapi.dll

VM Arguments:
jvm_args: -Djava.awt.headless=true -Xmx1024M -Dfile.encoding=windows-1250 -Duser.country=US -Duser.language=en -Duser.variant 
java_command: com.android.dx.command.Main --dex --num-threads=4 --output D:\AppDev\Tiimiss-Apps\Tiimiss\tiimiss\app\build\intermediates\pre-dexed\release\parceler-api-1.0.4_af39ec57ef25e3221c003b4db1415f4a3ef6a8ba.jar C:\Users\User 3\.gradle\caches\modules-2\files-2.1\org.parceler\parceler-api\1.0.4\4f7392b86e064f3f6da06977f54c21a48e6b6871\parceler-api-1.0.4.jar
java_class_path (initial): C:\Android\sdk\build-tools\23.0.2\lib\dx.jar
Launcher Type: SUN_STANDARD

Environment Variables:
JAVA_HOME=C:\Program Files\Java\jdk1.8.0_66
PATH=C:\Windows\system32;C:\Windows;C:\Windows\system32\wbem;C:\ProgramData\Oracle\Java\javapath;C:\Program Files (x86)\Common Files\Intel\Shared Files\cpp\bin\Intel64;C:\Program Files (x86)\Intel\iCLS Client;C:\Program Files\Intel\iCLS Client;C:\Windows\System32\WindowsPowerShell\v1.0;C:\Program Files\Intel\Intel(R) Management Engine Components\DAL;C:\Program Files\Intel\Intel(R) Management Engine Components\IPT;C:\Program Files (x86)\Intel\Intel(R) Management Engine Components\DAL;C:\Program Files (x86)\Intel\Intel(R) Management Engine Components\IPT;C:\Program Files (x86)\ATI Technologies\ATI.ACE\Core-Static;C:\Program Files\nodejs;C:\Program Files (x86)\Brackets\command;C:\Program Files (x86)\GtkSharp\2.12\bin;C:\Program Files (x86)\GNU\GnuPG\pub;C:\Program Files\Microsoft SQL Server\120\Tools\Binn;C:\Program Files (x86)\Skype\Phone;C:\Program Files (x86)\QuickTime\QTSystem;C:\Program Files\OpenVPN\bin;C:\Program Files (x86)\Heroku\bin;C:\Program Files (x86)\git\cmd;C:\Program Files (x86)\Git\cmd; C:\Program Files\Java\jdk1.8.0_66\bin;C:\Users\User 3\AppData\Roaming\npm; C:\Program Files\Java\jre1.8.0_71\bin;
USERNAME=User 3
OS=Windows_NT
PROCESSOR_IDENTIFIER=Intel64 Family 6 Model 60 Stepping 3, GenuineIntel



---------------  S Y S T E M  ---------------

OS: Windows 7 , 64 bit Build 7601 (6.1.7601.18933)

CPU:total 8 (4 cores per cpu, 2 threads per core) family 6 model 60 stepping 3, cmov, cx8, fxsr, mmx, sse, sse2, sse3, ssse3, sse4.1, sse4.2, popcnt, avx, avx2, aes, clmul, erms, lzcnt, ht, tsc, tscinvbit, bmi1, bmi2

Memory: 4k page, physical 16680504k(2901544k free), swap 16678664k(5096k free)

vm_info: Java HotSpot(TM) 64-Bit Server VM (25.66-b17) for windows-amd64 JRE (1.8.0_66-b17), built on Oct  6 2015 18:55:33 by "java_re" with MS VC++ 10.0 (VS2010)

time: Tue Jul 12 16:50:21 2016
elapsed time: 0 seconds (0d 0h 0m 0s)

