#
# A fatal error has been detected by the Java Runtime Environment:
#
#  EXCEPTION_ACCESS_VIOLATION (0xc0000005) at pc=0x000000006fba1aa7, pid=17568, tid=16160
#
# JRE version: Java(TM) SE Runtime Environment (8.0_66-b17) (build 1.8.0_66-b17)
# Java VM: Java HotSpot(TM) 64-Bit Server VM (25.66-b17 mixed mode windows-amd64 compressed oops)
# Problematic frame:
# V  [jvm.dll+0x211aa7]
#
# Failed to write core dump. Minidumps are not enabled by default on client versions of Windows
#
# If you would like to submit a bug report, please visit:
#   http://bugreport.java.com/bugreport/crash.jsp
#

---------------  T H R E A D  ---------------

Current thread (0x000000005668c800):  JavaThread "Signal Dispatcher" daemon [_thread_in_vm, id=16160, stack(0x00000000579b0000,0x0000000057ab0000)]

siginfo: ExceptionCode=0xc0000005, writing address 0x0000000057aa91b0

Registers:
RAX=0x0000000057aa91b0, RBX=0x0000000000000007, RCX=0x0000000000006000, RDX=0x0000000000000006
RSP=0x0000000057aaf1b0, RBP=0x0000000000000000, RSI=0x0000000057aaf1b0, RDI=0x0000000000000007
R8 =0x0000000000000006, R9 =0x0000000056687570, R10=0x0000000054b0d5d8, R11=0x00000000579ba150
R12=0x0000000056687570, R13=0x000000005668c800, R14=0x0000000057aaf278, R15=0x0000000054b0d5d8
RIP=0x000000006fba1aa7, EFLAGS=0x0000000000010202

Top of Stack: (sp=0x0000000057aaf1b0)
0x0000000057aaf1b0:   0000000000355a20 0000000000000000
0x0000000057aaf1c0:   000000005668c800 0000000056687570
0x0000000057aaf1d0:   00000000ffffffff 000000006fba29d7
0x0000000057aaf1e0:   0000000057aaf2e0 0000000054b0d5d8
0x0000000057aaf1f0:   000000005668c800 000000006fa4f5c3
0x0000000057aaf200:   0000000057aaf240 000000005668c800
0x0000000057aaf210:   0000000057aaf2d0 000000005668c800
0x0000000057aaf220:   0000000054b0d5d8 000000005668c800
0x0000000057aaf230:   00000000029710c0 000000005668c800
0x0000000057aaf240:   0000000054b0d5d8 000000005668c800
0x0000000057aaf250:   0000000054b0d5d8 000000005668c800
0x0000000057aaf260:   0000000000000001 0000000054b0d5d8
0x0000000057aaf270:   000000005668c800 00000000566436d0
0x0000000057aaf280:   000000005668c800 000000006fa50aad
0x0000000057aaf290:   0000000057aaf5e0 0000000014ae69a0
0x0000000057aaf2a0:   0000000014ae69a0 000007feff0e3402 

Instructions: (pc=0x000000006fba1aa7)
0x000000006fba1a87:   48 89 6c 24 30 33 ed 66 90 e8 1b 36 08 00 ff c3
0x000000006fba1a97:   48 63 c8 48 8b c6 48 0f af cf 48 ff c7 48 2b c1
0x000000006fba1aa7:   89 28 48 63 c3 48 3b 05 dd 9b 58 00 7e db 48 8b
0x000000006fba1ab7:   6c 24 30 48 8b 5c 24 38 48 8b 74 24 40 48 83 c4 


Register to memory mapping:

RAX=0x0000000057aa91b0 is pointing into the stack for thread: 0x000000005668c800
RBX=0x0000000000000007 is an unknown value
RCX=0x0000000000006000 is an unknown value
RDX=0x0000000000000006 is an unknown value
RSP=0x0000000057aaf1b0 is pointing into the stack for thread: 0x000000005668c800
RBP=0x0000000000000000 is an unknown value
RSI=0x0000000057aaf1b0 is pointing into the stack for thread: 0x000000005668c800
RDI=0x0000000000000007 is an unknown value
R8 =0x0000000000000006 is an unknown value
R9 =0x0000000056687570 is an unknown value
R10={method} {0x0000000054b0d5e0} 'exit' '()V' in 'java/lang/Thread'
R11=0x00000000579ba150 is pointing into the stack for thread: 0x000000005668c800
R12=0x0000000056687570 is an unknown value
R13=0x000000005668c800 is a thread
R14=0x0000000057aaf278 is pointing into the stack for thread: 0x000000005668c800
R15={method} {0x0000000054b0d5e0} 'exit' '()V' in 'java/lang/Thread'


Stack: [0x00000000579b0000,0x0000000057ab0000],  sp=0x0000000057aaf1b0,  free space=1020k
Native frames: (J=compiled Java code, j=interpreted, Vv=VM code, C=native code)


---------------  P R O C E S S  ---------------

Java Threads: ( => current thread )
  0x0000000056741800 JavaThread "Service Thread" daemon [_thread_blocked, id=17484, stack(0x00000000583c0000,0x00000000584c0000)]
  0x00000000566a1000 JavaThread "C1 CompilerThread3" daemon [_thread_blocked, id=14824, stack(0x0000000058120000,0x0000000058220000)]
  0x00000000566a0000 JavaThread "C2 CompilerThread2" daemon [_thread_blocked, id=17008, stack(0x0000000057f60000,0x0000000058060000)]
  0x0000000056695800 JavaThread "C2 CompilerThread1" daemon [_thread_blocked, id=16724, stack(0x0000000057b60000,0x0000000057c60000)]
  0x000000005668f000 JavaThread "C2 CompilerThread0" daemon [_thread_blocked, id=5548, stack(0x0000000057d80000,0x0000000057e80000)]
  0x000000005668e000 JavaThread "Attach Listener" daemon [_thread_blocked, id=17508, stack(0x0000000057c80000,0x0000000057d80000)]
=>0x000000005668c800 JavaThread "Signal Dispatcher" daemon [_thread_in_vm, id=16160, stack(0x00000000579b0000,0x0000000057ab0000)]
  0x00000000554cc000 JavaThread "Finalizer" daemon [_thread_blocked, id=11456, stack(0x0000000057650000,0x0000000057750000)]
  0x00000000554c4800 JavaThread "Reference Handler" daemon [_thread_blocked, id=7392, stack(0x0000000057890000,0x0000000057990000)]
  0x000000000226f800 JavaThread "main" [_thread_blocked, id=17816, stack(0x0000000002590000,0x0000000002690000)]

Other Threads:
  0x0000000056640800 VMThread [stack: 0x0000000057760000,0x0000000057860000] [id=15064]

VM state:synchronizing (normal execution)

VM Mutex/Monitor currently owned by a thread:  ([mutex/lock_event])
[0x000000000226db50] Threads_lock - owner thread: 0x0000000056640800

Heap:
 PSYoungGen      total 76288K, used 6556K [0x00000000eab00000, 0x00000000f0000000, 0x0000000100000000)
  eden space 65536K, 10% used [0x00000000eab00000,0x00000000eb167118,0x00000000eeb00000)
  from space 10752K, 0% used [0x00000000ef580000,0x00000000ef580000,0x00000000f0000000)
  to   space 10752K, 0% used [0x00000000eeb00000,0x00000000eeb00000,0x00000000ef580000)
 ParOldGen       total 175104K, used 0K [0x00000000c0000000, 0x00000000cab00000, 0x00000000eab00000)
  object space 175104K, 0% used [0x00000000c0000000,0x00000000c0000000,0x00000000cab00000)
 Metaspace       used 3851K, capacity 5008K, committed 5120K, reserved 1056768K
  class space    used 437K, capacity 456K, committed 512K, reserved 1048576K

Card table byte_map: [0x0000000011d20000,0x0000000011f30000] byte_map_base: 0x0000000011720000

Marking Bits: (ParMarkBitMap*) 0x000000007019a5b0
 Begin Bits: [0x00000000128e0000, 0x00000000138e0000)
 End Bits:   [0x00000000138e0000, 0x00000000148e0000)

Polling page: 0x0000000000130000

CodeCache: size=245760Kb used=1385Kb max_used=1385Kb free=244374Kb
 bounds [0x0000000002960000, 0x0000000002bd0000, 0x0000000011960000]
 total_blobs=415 nmethods=162 adapters=166
 compilation: enabled

Compilation events (10 events):
Event: 0.114 Thread 0x00000000566a1000  158       3       java.util.zip.Inflater::ensureOpen (47 bytes)
Event: 0.114 Thread 0x00000000566a1000 nmethod 158 0x0000000002ab6690 code [0x0000000002ab6800, 0x0000000002ab6ac8]
Event: 0.114 Thread 0x00000000566a1000  159   !   3       java.lang.ref.ReferenceQueue::poll (28 bytes)
Event: 0.115 Thread 0x00000000566a1000 nmethod 159 0x0000000002ab6090 code [0x0000000002ab6200, 0x0000000002ab6568]
Event: 0.115 Thread 0x00000000566a1000  160       3       sun.nio.cs.SingleByte$Encoder::encode (32 bytes)
Event: 0.116 Thread 0x00000000566a1000 nmethod 160 0x0000000002aba510 code [0x0000000002aba680, 0x0000000002aba890]
Event: 0.116 Thread 0x00000000566a1000  161       1       java.nio.Buffer::position (5 bytes)
Event: 0.116 Thread 0x00000000566a1000 nmethod 161 0x0000000002ab5d90 code [0x0000000002ab5ee0, 0x0000000002ab5ff0]
Event: 0.116 Thread 0x00000000566a1000  162       1       java.nio.Buffer::limit (5 bytes)
Event: 0.116 Thread 0x00000000566a1000 nmethod 162 0x0000000002aba9d0 code [0x0000000002abab20, 0x0000000002abac30]

GC Heap History (0 events):
No events

Deoptimization events (0 events):
No events

Internal exceptions (3 events):
Event: 0.023 Thread 0x000000000226f800 Exception <a 'java/lang/NoSuchMethodError': Method sun.misc.Unsafe.defineClass(Ljava/lang/String;[BII)Ljava/lang/Class; name or signature does not match> (0x00000000eab13098) thrown at [C:\re\workspace\8-2-build-windows-amd64-cygwin\jdk8u66\4988\hotspot\srÝÎÝò±—?
Event: 0.023 Thread 0x000000000226f800 Exception <a 'java/lang/NoSuchMethodError': Method sun.misc.Unsafe.prefetchRead(Ljava/lang/Object;J)V name or signature does not match> (0x00000000eab13380) thrown at [C:\re\workspace\8-2-build-windows-amd64-cygwin\jdk8u66\4988\hotspot\src\share\vm\prims\j·ä¾æâi½?
Event: 0.115 Thread 0x000000000226f800 Exception <a 'java/lang/OutOfMemoryError': unable to create new native thread> (0x00000000eb072cb0) thrown at [C:\re\workspace\8-2-build-windows-amd64-cygwin\jdk8u66\4988\hotspot\src\share\vm\prims\jvm.cpp, line 3020]

Events (10 events):
Event: 0.115 loading class java/lang/Throwable$WrappedPrintStream done
Event: 0.115 loading class java/util/IdentityHashMap
Event: 0.115 loading class java/util/IdentityHashMap done
Event: 0.115 loading class java/util/IdentityHashMap$KeySet
Event: 0.115 loading class java/util/IdentityHashMap$KeySet done
Event: 0.116 loading class java/lang/Shutdown
Event: 0.116 loading class java/lang/Shutdown done
Event: 0.116 loading class java/lang/Shutdown$Lock
Event: 0.116 loading class java/lang/Shutdown$Lock done
Event: 0.116 Executing VM operation: Exit


Dynamic libraries:
0x000000013f1c0000 - 0x000000013f1f7000 	C:\Program Files\Java\jdk1.8.0_66\bin\java.exe
0x0000000077440000 - 0x00000000775e9000 	C:\Windows\SYSTEM32\ntdll.dll
0x0000000077320000 - 0x000000007743f000 	C:\Windows\system32\kernel32.dll
0x000007fefd3e0000 - 0x000007fefd44c000 	C:\Windows\system32\KERNELBASE.dll
0x000007fefea80000 - 0x000007fefeb5b000 	C:\Windows\system32\ADVAPI32.dll
0x000007fefd7f0000 - 0x000007fefd88f000 	C:\Windows\system32\msvcrt.dll
0x000007fefd7d0000 - 0x000007fefd7ef000 	C:\Windows\SYSTEM32\sechost.dll
0x000007fefe940000 - 0x000007fefea6d000 	C:\Windows\system32\RPCRT4.dll
0x0000000077220000 - 0x000000007731a000 	C:\Windows\system32\USER32.dll
0x000007fefe830000 - 0x000007fefe897000 	C:\Windows\system32\GDI32.dll
0x000007fefd7c0000 - 0x000007fefd7ce000 	C:\Windows\system32\LPK.dll
0x000007fefd5b0000 - 0x000007fefd679000 	C:\Windows\system32\USP10.dll
0x000007fefa070000 - 0x000007fefa264000 	C:\Windows\WinSxS\amd64_microsoft.windows.common-controls_6595b64144ccf1df_6.0.7601.18837_none_fa3b1e3d17594757\COMCTL32.dll
0x000007fefeb60000 - 0x000007fefebd1000 	C:\Windows\system32\SHLWAPI.dll
0x000007fefd890000 - 0x000007fefd8be000 	C:\Windows\system32\IMM32.DLL
0x000007fefecb0000 - 0x000007fefedb9000 	C:\Windows\system32\MSCTF.dll
0x00000000789f0000 - 0x0000000078ac2000 	C:\Program Files\Java\jdk1.8.0_66\jre\bin\msvcr100.dll
0x000000006f990000 - 0x0000000070219000 	C:\Program Files\Java\jdk1.8.0_66\jre\bin\server\jvm.dll
0x000007fef7d00000 - 0x000007fef7d09000 	C:\Windows\system32\WSOCK32.dll
0x000007fefec60000 - 0x000007fefecad000 	C:\Windows\system32\WS2_32.dll
0x000007fefea70000 - 0x000007fefea78000 	C:\Windows\system32\NSI.dll
0x000007fefc130000 - 0x000007fefc16b000 	C:\Windows\system32\WINMM.dll
0x000007fefc100000 - 0x000007fefc10c000 	C:\Windows\system32\VERSION.dll
0x0000000077600000 - 0x0000000077607000 	C:\Windows\system32\PSAPI.DLL
0x000000006aa00000 - 0x000000006aa0f000 	C:\Program Files\Java\jdk1.8.0_66\jre\bin\verify.dll
0x000000005e6c0000 - 0x000000005e6e9000 	C:\Program Files\Java\jdk1.8.0_66\jre\bin\java.dll
0x000000005e6a0000 - 0x000000005e6b6000 	C:\Program Files\Java\jdk1.8.0_66\jre\bin\zip.dll
0x000007fefd8c0000 - 0x000007fefe649000 	C:\Windows\system32\SHELL32.dll
0x000007feff0c0000 - 0x000007feff2c3000 	C:\Windows\system32\ole32.dll
0x000007fefd1f0000 - 0x000007fefd1ff000 	C:\Windows\system32\profapi.dll

VM Arguments:
jvm_args: -Djava.awt.headless=true -Xmx1024M -Dfile.encoding=windows-1250 -Duser.country=US -Duser.language=en -Duser.variant 
java_command: com.android.dx.command.Main --dex --num-threads=4 --output D:\AppDev\Tiimiss-Apps\Tiimiss\tiimiss\app\build\intermediates\pre-dexed\release\support-annotations-24.0.0_fe7480820c20c289a17422f6ee907fbcc1697ea1.jar C:\Android\sdk\extras\android\m2repository\com\android\support\support-annotations\24.0.0\support-annotations-24.0.0.jar
java_class_path (initial): C:\Android\sdk\build-tools\23.0.2\lib\dx.jar
Launcher Type: SUN_STANDARD

Environment Variables:
JAVA_HOME=C:\Program Files\Java\jdk1.8.0_66
PATH=C:\Windows\system32;C:\Windows;C:\Windows\system32\wbem;C:\ProgramData\Oracle\Java\javapath;C:\Program Files (x86)\Common Files\Intel\Shared Files\cpp\bin\Intel64;C:\Program Files (x86)\Intel\iCLS Client;C:\Program Files\Intel\iCLS Client;C:\Windows\System32\WindowsPowerShell\v1.0;C:\Program Files\Intel\Intel(R) Management Engine Components\DAL;C:\Program Files\Intel\Intel(R) Management Engine Components\IPT;C:\Program Files (x86)\Intel\Intel(R) Management Engine Components\DAL;C:\Program Files (x86)\Intel\Intel(R) Management Engine Components\IPT;C:\Program Files (x86)\ATI Technologies\ATI.ACE\Core-Static;C:\Program Files\nodejs;C:\Program Files (x86)\Brackets\command;C:\Program Files (x86)\GtkSharp\2.12\bin;C:\Program Files (x86)\GNU\GnuPG\pub;C:\Program Files\Microsoft SQL Server\120\Tools\Binn;C:\Program Files (x86)\Skype\Phone;C:\Program Files (x86)\QuickTime\QTSystem;C:\Program Files\OpenVPN\bin;C:\Program Files (x86)\Heroku\bin;C:\Program Files (x86)\git\cmd;C:\Program Files (x86)\Git\cmd; C:\Program Files\Java\jdk1.8.0_66\bin;C:\Users\User 3\AppData\Roaming\npm; C:\Program Files\Java\jre1.8.0_71\bin;
USERNAME=User 3
OS=Windows_NT
PROCESSOR_IDENTIFIER=Intel64 Family 6 Model 60 Stepping 3, GenuineIntel



---------------  S Y S T E M  ---------------

OS: Windows 7 , 64 bit Build 7601 (6.1.7601.18933)

CPU:total 8 (4 cores per cpu, 2 threads per core) family 6 model 60 stepping 3, cmov, cx8, fxsr, mmx, sse, sse2, sse3, ssse3, sse4.1, sse4.2, popcnt, avx, avx2, aes, clmul, erms, lzcnt, ht, tsc, tscinvbit, bmi1, bmi2

Memory: 4k page, physical 16680504k(2899056k free), swap 16678664k(4208k free)

vm_info: Java HotSpot(TM) 64-Bit Server VM (25.66-b17) for windows-amd64 JRE (1.8.0_66-b17), built on Oct  6 2015 18:55:33 by "java_re" with MS VC++ 10.0 (VS2010)

time: Tue Jul 12 16:50:20 2016
elapsed time: 0 seconds (0d 0h 0m 0s)

