#
# A fatal error has been detected by the Java Runtime Environment:
#
#  EXCEPTION_ACCESS_VIOLATION (0xc0000005) at pc=0x000000006fba1aa7, pid=17616, tid=17432
#
# JRE version: Java(TM) SE Runtime Environment (8.0_66-b17) (build 1.8.0_66-b17)
# Java VM: Java HotSpot(TM) 64-Bit Server VM (25.66-b17 mixed mode windows-amd64 compressed oops)
# Problematic frame:
# V  [jvm.dll+0x211aa7]
#
# Failed to write core dump. Minidumps are not enabled by default on client versions of Windows
#
# If you would like to submit a bug report, please visit:
#   http://bugreport.java.com/bugreport/crash.jsp
#

---------------  T H R E A D  ---------------

Current thread (0x000000005661f000):  JavaThread "Signal Dispatcher" daemon [_thread_in_vm, id=17432, stack(0x0000000057b70000,0x0000000057c70000)]

siginfo: ExceptionCode=0xc0000005, writing address 0x0000000057c69540

Registers:
RAX=0x0000000057c69540, RBX=0x0000000000000007, RCX=0x0000000000006000, RDX=0x0000000000000006
RSP=0x0000000057c6f540, RBP=0x0000000000000000, RSI=0x0000000057c6f540, RDI=0x0000000000000007
R8 =0x0000000000000006, R9 =0x000000005661a190, R10=0x0000000054bad5d8, R11=0x0000000057b7a150
R12=0x000000005661a190, R13=0x000000005661f000, R14=0x0000000057c6f608, R15=0x0000000054bad5d8
RIP=0x000000006fba1aa7, EFLAGS=0x0000000000010202

Top of Stack: (sp=0x0000000057c6f540)
0x0000000057c6f540:   0000000077551440 0000000000000000
0x0000000057c6f550:   000000005661f000 000000005661a190
0x0000000057c6f560:   00000000ffffffff 000000006fba29d7
0x0000000057c6f570:   0000000057c6f670 0000000054bad5d8
0x0000000057c6f580:   000000005661f000 000000006fa4f5c3
0x0000000057c6f590:   0000000057c6f5d0 000000005661f000
0x0000000057c6f5a0:   0000000057c6f660 000000005661f000
0x0000000057c6f5b0:   0000000054bad5d8 000000005661f000
0x0000000057c6f5c0:   00000000027010c0 000000005661f000
0x0000000057c6f5d0:   0000000054bad5d8 000000005661f000
0x0000000057c6f5e0:   0000000054bad5d8 000000005661f000
0x0000000057c6f5f0:   0000000000000001 0000000054bad5d8
0x0000000057c6f600:   000000005661f000 0000000055573710
0x0000000057c6f610:   000000005661f000 000000006fa50aad
0x0000000057c6f620:   0000000057c6f970 0000000014b869a0
0x0000000057c6f630:   0000000014b869a0 0000000000000000 

Instructions: (pc=0x000000006fba1aa7)
0x000000006fba1a87:   48 89 6c 24 30 33 ed 66 90 e8 1b 36 08 00 ff c3
0x000000006fba1a97:   48 63 c8 48 8b c6 48 0f af cf 48 ff c7 48 2b c1
0x000000006fba1aa7:   89 28 48 63 c3 48 3b 05 dd 9b 58 00 7e db 48 8b
0x000000006fba1ab7:   6c 24 30 48 8b 5c 24 38 48 8b 74 24 40 48 83 c4 


Register to memory mapping:

RAX=0x0000000057c69540 is pointing into the stack for thread: 0x000000005661f000
RBX=0x0000000000000007 is an unknown value
RCX=0x0000000000006000 is an unknown value
RDX=0x0000000000000006 is an unknown value
RSP=0x0000000057c6f540 is pointing into the stack for thread: 0x000000005661f000
RBP=0x0000000000000000 is an unknown value
RSI=0x0000000057c6f540 is pointing into the stack for thread: 0x000000005661f000
RDI=0x0000000000000007 is an unknown value
R8 =0x0000000000000006 is an unknown value
R9 =0x000000005661a190 is an unknown value
R10={method} {0x0000000054bad5e0} 'exit' '()V' in 'java/lang/Thread'
R11=0x0000000057b7a150 is pointing into the stack for thread: 0x000000005661f000
R12=0x000000005661a190 is an unknown value
R13=0x000000005661f000 is a thread
R14=0x0000000057c6f608 is pointing into the stack for thread: 0x000000005661f000
R15={method} {0x0000000054bad5e0} 'exit' '()V' in 'java/lang/Thread'


Stack: [0x0000000057b70000,0x0000000057c70000],  sp=0x0000000057c6f540,  free space=1021k
Native frames: (J=compiled Java code, j=interpreted, Vv=VM code, C=native code)


---------------  P R O C E S S  ---------------

Java Threads: ( => current thread )
  0x00000000566c5800 JavaThread "Service Thread" daemon [_thread_blocked, id=17824, stack(0x0000000058560000,0x0000000058660000)]
  0x0000000056633000 JavaThread "C1 CompilerThread3" daemon [_thread_blocked, id=18068, stack(0x0000000058360000,0x0000000058460000)]
  0x0000000056632000 JavaThread "C2 CompilerThread2" daemon [_thread_blocked, id=17436, stack(0x0000000058120000,0x0000000058220000)]
  0x000000005662d000 JavaThread "C2 CompilerThread1" daemon [_thread_blocked, id=16116, stack(0x0000000057f30000,0x0000000058030000)]
  0x0000000056623800 JavaThread "C2 CompilerThread0" daemon [_thread_blocked, id=16448, stack(0x00000000576c0000,0x00000000577c0000)]
  0x0000000056620800 JavaThread "Attach Listener" daemon [_thread_blocked, id=17808, stack(0x0000000057cd0000,0x0000000057dd0000)]
=>0x000000005661f000 JavaThread "Signal Dispatcher" daemon [_thread_in_vm, id=17432, stack(0x0000000057b70000,0x0000000057c70000)]
  0x000000005556f000 JavaThread "Finalizer" daemon [_thread_blocked, id=8308, stack(0x0000000057a50000,0x0000000057b50000)]
  0x0000000055567800 JavaThread "Reference Handler" daemon [_thread_blocked, id=17328, stack(0x0000000057850000,0x0000000057950000)]
  0x0000000001c9f800 JavaThread "main" [_thread_blocked, id=2024, stack(0x0000000002320000,0x0000000002420000)]

Other Threads:
  0x00000000565d2800 VMThread [stack: 0x0000000057580000,0x0000000057680000] [id=17304]

VM state:synchronizing (normal execution)

VM Mutex/Monitor currently owned by a thread:  ([mutex/lock_event])
[0x0000000001c9dad0] Threads_lock - owner thread: 0x00000000565d2800

Heap:
 PSYoungGen      total 76288K, used 5243K [0x00000000eab00000, 0x00000000f0000000, 0x0000000100000000)
  eden space 65536K, 8% used [0x00000000eab00000,0x00000000eb01ec88,0x00000000eeb00000)
  from space 10752K, 0% used [0x00000000ef580000,0x00000000ef580000,0x00000000f0000000)
  to   space 10752K, 0% used [0x00000000eeb00000,0x00000000eeb00000,0x00000000ef580000)
 ParOldGen       total 175104K, used 0K [0x00000000c0000000, 0x00000000cab00000, 0x00000000eab00000)
  object space 175104K, 0% used [0x00000000c0000000,0x00000000c0000000,0x00000000cab00000)
 Metaspace       used 3264K, capacity 4720K, committed 4864K, reserved 1056768K
  class space    used 365K, capacity 424K, committed 512K, reserved 1048576K

Card table byte_map: [0x0000000011ab0000,0x0000000011cc0000] byte_map_base: 0x00000000114b0000

Marking Bits: (ParMarkBitMap*) 0x000000007019a5b0
 Begin Bits: [0x0000000012980000, 0x0000000013980000)
 End Bits:   [0x0000000013980000, 0x0000000014980000)

Polling page: 0x0000000001c60000

CodeCache: size=245760Kb used=1204Kb max_used=1204Kb free=244555Kb
 bounds [0x00000000026f0000, 0x0000000002960000, 0x00000000116f0000]
 total_blobs=318 nmethods=79 adapters=152
 compilation: enabled

Compilation events (10 events):
Event: 0.061 Thread 0x0000000056633000   75       3       sun.nio.cs.SingleByte$Encoder::encode (32 bytes)
Event: 0.061 Thread 0x0000000056633000 nmethod 75 0x000000000281bc90 code [0x000000000281be00, 0x000000000281c010]
Event: 0.061 Thread 0x0000000056633000   76       3       java.lang.AbstractStringBuilder::expandCapacity (50 bytes)
Event: 0.061 Thread 0x0000000056633000 nmethod 76 0x000000000281c150 code [0x000000000281c2e0, 0x000000000281c838]
Event: 0.061 Thread 0x0000000056633000   78       3       java.lang.StringBuilder::<init> (7 bytes)
Event: 0.061 Thread 0x0000000056633000 nmethod 78 0x000000000281ca10 code [0x000000000281cb80, 0x000000000281ce30]
Event: 0.061 Thread 0x0000000056633000   77       1       java.nio.Buffer::position (5 bytes)
Event: 0.061 Thread 0x0000000056633000 nmethod 77 0x000000000281cf50 code [0x000000000281d0a0, 0x000000000281d1b0]
Event: 0.061 Thread 0x0000000056633000   79       1       java.nio.Buffer::limit (5 bytes)
Event: 0.061 Thread 0x0000000056633000 nmethod 79 0x000000000281d210 code [0x000000000281d360, 0x000000000281d470]

GC Heap History (0 events):
No events

Deoptimization events (0 events):
No events

Internal exceptions (4 events):
Event: 0.019 Thread 0x0000000001c9f800 Exception <a 'java/lang/NoSuchMethodError': Method sun.misc.Unsafe.defineClass(Ljava/lang/String;[BII)Ljava/lang/Class; name or signature does not match> (0x00000000eab12ea0) thrown at [C:\re\workspace\8-2-build-windows-amd64-cygwin\jdk8u66\4988\hotspot\srº^ýÑ_¾“?
Event: 0.019 Thread 0x0000000001c9f800 Exception <a 'java/lang/NoSuchMethodError': Method sun.misc.Unsafe.prefetchRead(Ljava/lang/Object;J)V name or signature does not match> (0x00000000eab13188) thrown at [C:\re\workspace\8-2-build-windows-amd64-cygwin\jdk8u66\4988\hotspot\src\share\vm\prims\jl›èìÕû®?
Event: 0.061 Thread 0x0000000001c9f800 Exception <a 'java/lang/OutOfMemoryError'> (0x00000000eac42c80) thrown at [C:\re\workspace\8-2-build-windows-amd64-cygwin\jdk8u66\4988\hotspot\src\share\vm\prims\jni.cpp, line 735]
Event: 0.061 Thread 0x0000000001c9f800 Exception <a 'java/lang/OutOfMemoryError'> (0x00000000eac42c80) thrown at [C:\re\workspace\8-2-build-windows-amd64-cygwin\jdk8u66\4988\hotspot\src\share\vm\prims\jvm.cpp, line 1390]

Events (10 events):
Event: 0.061 loading class java/lang/Throwable$WrappedPrintStream done
Event: 0.061 loading class java/util/IdentityHashMap
Event: 0.061 loading class java/util/IdentityHashMap done
Event: 0.061 loading class java/util/IdentityHashMap$KeySet
Event: 0.061 loading class java/util/IdentityHashMap$KeySet done
Event: 0.061 loading class java/lang/Shutdown
Event: 0.061 loading class java/lang/Shutdown done
Event: 0.061 loading class java/lang/Shutdown$Lock
Event: 0.061 loading class java/lang/Shutdown$Lock done
Event: 0.061 Executing VM operation: Exit


Dynamic libraries:
0x000000013f1c0000 - 0x000000013f1f7000 	C:\Program Files\Java\jdk1.8.0_66\bin\java.exe
0x0000000077440000 - 0x00000000775e9000 	C:\Windows\SYSTEM32\ntdll.dll
0x0000000077320000 - 0x000000007743f000 	C:\Windows\system32\kernel32.dll
0x000007fefd3e0000 - 0x000007fefd44c000 	C:\Windows\system32\KERNELBASE.dll
0x000007fefea80000 - 0x000007fefeb5b000 	C:\Windows\system32\ADVAPI32.dll
0x000007fefd7f0000 - 0x000007fefd88f000 	C:\Windows\system32\msvcrt.dll
0x000007fefd7d0000 - 0x000007fefd7ef000 	C:\Windows\SYSTEM32\sechost.dll
0x000007fefe940000 - 0x000007fefea6d000 	C:\Windows\system32\RPCRT4.dll
0x0000000077220000 - 0x000000007731a000 	C:\Windows\system32\USER32.dll
0x000007fefe830000 - 0x000007fefe897000 	C:\Windows\system32\GDI32.dll
0x000007fefd7c0000 - 0x000007fefd7ce000 	C:\Windows\system32\LPK.dll
0x000007fefd5b0000 - 0x000007fefd679000 	C:\Windows\system32\USP10.dll
0x000007fefa070000 - 0x000007fefa264000 	C:\Windows\WinSxS\amd64_microsoft.windows.common-controls_6595b64144ccf1df_6.0.7601.18837_none_fa3b1e3d17594757\COMCTL32.dll
0x000007fefeb60000 - 0x000007fefebd1000 	C:\Windows\system32\SHLWAPI.dll
0x000007fefd890000 - 0x000007fefd8be000 	C:\Windows\system32\IMM32.DLL
0x000007fefecb0000 - 0x000007fefedb9000 	C:\Windows\system32\MSCTF.dll
0x00000000789f0000 - 0x0000000078ac2000 	C:\Program Files\Java\jdk1.8.0_66\jre\bin\msvcr100.dll
0x000000006f990000 - 0x0000000070219000 	C:\Program Files\Java\jdk1.8.0_66\jre\bin\server\jvm.dll
0x000007fef7d00000 - 0x000007fef7d09000 	C:\Windows\system32\WSOCK32.dll
0x000007fefec60000 - 0x000007fefecad000 	C:\Windows\system32\WS2_32.dll
0x000007fefea70000 - 0x000007fefea78000 	C:\Windows\system32\NSI.dll
0x000007fefc130000 - 0x000007fefc16b000 	C:\Windows\system32\WINMM.dll
0x000007fefc100000 - 0x000007fefc10c000 	C:\Windows\system32\VERSION.dll
0x0000000077600000 - 0x0000000077607000 	C:\Windows\system32\PSAPI.DLL
0x000000006aa00000 - 0x000000006aa0f000 	C:\Program Files\Java\jdk1.8.0_66\jre\bin\verify.dll
0x000000005e6c0000 - 0x000000005e6e9000 	C:\Program Files\Java\jdk1.8.0_66\jre\bin\java.dll
0x000000005e6a0000 - 0x000000005e6b6000 	C:\Program Files\Java\jdk1.8.0_66\jre\bin\zip.dll
0x000007fefd8c0000 - 0x000007fefe649000 	C:\Windows\system32\SHELL32.dll
0x000007feff0c0000 - 0x000007feff2c3000 	C:\Windows\system32\ole32.dll
0x000007fefd1f0000 - 0x000007fefd1ff000 	C:\Windows\system32\profapi.dll

VM Arguments:
jvm_args: -Djava.awt.headless=true -Xmx1024M -Dfile.encoding=windows-1250 -Duser.country=US -Duser.language=en -Duser.variant 
java_command: com.android.dx.command.Main --dex --num-threads=4 --output D:\AppDev\Tiimiss-Apps\Tiimiss\tiimiss\app\build\intermediates\pre-dexed\release\release_7a26454e7086ff0ac12c6e041834378d4b013799.jar D:\AppDev\Tiimiss-Apps\Tiimiss\tiimiss\app\build\intermediates\classes\release
java_class_path (initial): C:\Android\sdk\build-tools\23.0.2\lib\dx.jar
Launcher Type: SUN_STANDARD

Environment Variables:
JAVA_HOME=C:\Program Files\Java\jdk1.8.0_66
PATH=C:\Windows\system32;C:\Windows;C:\Windows\system32\wbem;C:\ProgramData\Oracle\Java\javapath;C:\Program Files (x86)\Common Files\Intel\Shared Files\cpp\bin\Intel64;C:\Program Files (x86)\Intel\iCLS Client;C:\Program Files\Intel\iCLS Client;C:\Windows\System32\WindowsPowerShell\v1.0;C:\Program Files\Intel\Intel(R) Management Engine Components\DAL;C:\Program Files\Intel\Intel(R) Management Engine Components\IPT;C:\Program Files (x86)\Intel\Intel(R) Management Engine Components\DAL;C:\Program Files (x86)\Intel\Intel(R) Management Engine Components\IPT;C:\Program Files (x86)\ATI Technologies\ATI.ACE\Core-Static;C:\Program Files\nodejs;C:\Program Files (x86)\Brackets\command;C:\Program Files (x86)\GtkSharp\2.12\bin;C:\Program Files (x86)\GNU\GnuPG\pub;C:\Program Files\Microsoft SQL Server\120\Tools\Binn;C:\Program Files (x86)\Skype\Phone;C:\Program Files (x86)\QuickTime\QTSystem;C:\Program Files\OpenVPN\bin;C:\Program Files (x86)\Heroku\bin;C:\Program Files (x86)\git\cmd;C:\Program Files (x86)\Git\cmd; C:\Program Files\Java\jdk1.8.0_66\bin;C:\Users\User 3\AppData\Roaming\npm; C:\Program Files\Java\jre1.8.0_71\bin;
USERNAME=User 3
OS=Windows_NT
PROCESSOR_IDENTIFIER=Intel64 Family 6 Model 60 Stepping 3, GenuineIntel



---------------  S Y S T E M  ---------------

OS: Windows 7 , 64 bit Build 7601 (6.1.7601.18933)

CPU:total 8 (4 cores per cpu, 2 threads per core) family 6 model 60 stepping 3, cmov, cx8, fxsr, mmx, sse, sse2, sse3, ssse3, sse4.1, sse4.2, popcnt, avx, avx2, aes, clmul, erms, lzcnt, ht, tsc, tscinvbit, bmi1, bmi2

Memory: 4k page, physical 16680504k(2901104k free), swap 16678664k(5088k free)

vm_info: Java HotSpot(TM) 64-Bit Server VM (25.66-b17) for windows-amd64 JRE (1.8.0_66-b17), built on Oct  6 2015 18:55:33 by "java_re" with MS VC++ 10.0 (VS2010)

time: Tue Jul 12 16:50:21 2016
elapsed time: 0 seconds (0d 0h 0m 0s)

